#
# There is insufficient memory for the Java Runtime Environment to continue.
# Native memory allocation (malloc) failed to allocate 1411664 bytes for Chunk::new
# Possible reasons:
#   The system is out of physical RAM or swap space
#   In 32 bit mode, the process size limit was hit
# Possible solutions:
#   Reduce memory load on the system
#   Increase physical memory or swap space
#   Check if swap backing store is full
#   Use 64 bit Java on a 64 bit OS
#   Decrease Java heap size (-Xmx/-Xms)
#   Decrease number of Java threads
#   Decrease Java thread stack sizes (-Xss)
#   Set larger code cache with -XX:ReservedCodeCacheSize=
# This output file may be truncated or incomplete.
#
#  Out of Memory Error (allocation.cpp:390), pid=13476, tid=0x0000000000001be8
#
# JRE version: Java(TM) SE Runtime Environment (8.0_102-b14) (build 1.8.0_102-b14)
# Java VM: Java HotSpot(TM) 64-Bit Server VM (25.102-b14 mixed mode windows-amd64 compressed oops)
# Failed to write core dump. Minidumps are not enabled by default on client versions of Windows
#

---------------  T H R E A D  ---------------

Current thread (0x000000001c996800):  JavaThread "C2 CompilerThread0" daemon [_thread_in_native, id=7144, stack(0x000000001da20000,0x000000001db20000)]

Stack: [0x000000001da20000,0x000000001db20000]
[error occurred during error reporting (printing stack bounds), id 0xc0000005]

Native frames: (J=compiled Java code, j=interpreted, Vv=VM code, C=native code)


Current CompileTask:
C2:  18105 4547       4       org.antlr.v4.runtime.atn.ParserATNSimulator::closureCheckingStopState (244 bytes)


---------------  P R O C E S S  ---------------

Java Threads: ( => current thread )
  0x000000001eff7800 JavaThread "BoneCP-pool-watch-thread" daemon [_thread_blocked, id=7756, stack(0x0000000026ad0000,0x0000000026bd0000)]
  0x000000001eff2000 JavaThread "BoneCP-keep-alive-scheduler" daemon [_thread_blocked, id=9108, stack(0x00000000269d0000,0x0000000026ad0000)]
  0x000000001eff1800 JavaThread "com.google.common.base.internal.Finalizer" daemon [_thread_blocked, id=13348, stack(0x00000000268d0000,0x00000000269d0000)]
  0x000000001d0ca000 JavaThread "BoneCP-pool-watch-thread" daemon [_thread_blocked, id=13160, stack(0x00000000265d0000,0x00000000266d0000)]
  0x000000001d0c9000 JavaThread "BoneCP-keep-alive-scheduler" daemon [_thread_blocked, id=15916, stack(0x00000000264d0000,0x00000000265d0000)]
  0x000000001d0c8800 JavaThread "com.google.common.base.internal.Finalizer" daemon [_thread_blocked, id=14104, stack(0x0000000025700000,0x0000000025800000)]
  0x000000001d0c1000 JavaThread "Abandoned connection cleanup thread" daemon [_thread_blocked, id=14204, stack(0x0000000024570000,0x0000000024670000)]
  0x000000001d0c7000 JavaThread "SparkListenerBus" daemon [_thread_blocked, id=7928, stack(0x0000000024470000,0x0000000024570000)]
  0x000000001d0c6000 JavaThread "context-cleaner-periodic-gc" daemon [_thread_blocked, id=16228, stack(0x0000000024370000,0x0000000024470000)]
  0x000000001d0c5800 JavaThread "Spark Context Cleaner" daemon [_thread_blocked, id=9760, stack(0x0000000024270000,0x0000000024370000)]
  0x000000001d0c4800 JavaThread "shuffle-server-5-1" daemon [_thread_in_native, id=6656, stack(0x0000000021c10000,0x0000000021d10000)]
  0x000000001d0c4000 JavaThread "driver-heartbeater" daemon [_thread_blocked, id=15836, stack(0x0000000021b10000,0x0000000021c10000)]
  0x000000001d0bc800 JavaThread "dag-scheduler-event-loop" daemon [_thread_blocked, id=8244, stack(0x0000000021a10000,0x0000000021b10000)]
  0x000000001d0c3000 JavaThread "netty-rpc-env-timeout" daemon [_thread_blocked, id=7892, stack(0x0000000021710000,0x0000000021810000)]
  0x000000001d0c0000 JavaThread "heartbeat-receiver-event-loop-thread" daemon [_thread_blocked, id=16204, stack(0x0000000021610000,0x0000000021710000)]
  0x000000001d0be000 JavaThread "Timer-0" daemon [_thread_blocked, id=5900, stack(0x0000000021510000,0x0000000021610000)]
  0x000000001d0c2800 JavaThread "SparkUI-41" daemon [_thread_blocked, id=9032, stack(0x0000000021410000,0x0000000021510000)]
  0x000000001d0bb000 JavaThread "SparkUI-40" daemon [_thread_blocked, id=7084, stack(0x0000000021310000,0x0000000021410000)]
  0x000000001d0bf800 JavaThread "SparkUI-39" daemon [_thread_blocked, id=14916, stack(0x0000000021210000,0x0000000021310000)]
  0x000000001d0be800 JavaThread "SparkUI-38" daemon [_thread_blocked, id=5276, stack(0x0000000021110000,0x0000000021210000)]
  0x000000001d0bd000 JavaThread "SparkUI-37" daemon [_thread_blocked, id=15772, stack(0x0000000021010000,0x0000000021110000)]
  0x000000001d0bb800 JavaThread "SparkUI-36-acceptor-0@724bade8-Spark@5398edd0{HTTP/1.1,[http/1.1]}{0.0.0.0:4040}" daemon [_thread_in_native, id=14516, stack(0x0000000020f10000,0x0000000021010000)]
  0x000000001d0c1800 JavaThread "SparkUI-35" daemon [_thread_in_native, id=2888, stack(0x0000000020e10000,0x0000000020f10000)]
  0x000000001e16e000 JavaThread "SparkUI-34" daemon [_thread_in_native, id=11684, stack(0x0000000020d10000,0x0000000020e10000)]
  0x000000001e16a800 JavaThread "map-output-dispatcher-7" daemon [_thread_blocked, id=6836, stack(0x0000000020a10000,0x0000000020b10000)]
  0x000000001e16d800 JavaThread "map-output-dispatcher-6" daemon [_thread_blocked, id=16636, stack(0x0000000020810000,0x0000000020910000)]
  0x000000001e169800 JavaThread "map-output-dispatcher-5" daemon [_thread_blocked, id=16884, stack(0x0000000020710000,0x0000000020810000)]
  0x000000001e16f800 JavaThread "map-output-dispatcher-4" daemon [_thread_blocked, id=13232, stack(0x0000000020610000,0x0000000020710000)]
  0x000000001e16b000 JavaThread "map-output-dispatcher-3" daemon [_thread_blocked, id=4196, stack(0x0000000020510000,0x0000000020610000)]
  0x000000001e169000 JavaThread "map-output-dispatcher-2" daemon [_thread_blocked, id=14464, stack(0x0000000020410000,0x0000000020510000)]
  0x000000001e16c800 JavaThread "map-output-dispatcher-1" daemon [_thread_blocked, id=14340, stack(0x0000000020310000,0x0000000020410000)]
  0x000000001e16c000 JavaThread "map-output-dispatcher-0" daemon [_thread_blocked, id=5356, stack(0x0000000020210000,0x0000000020310000)]
  0x000000001e16f000 JavaThread "rpc-server-3-1" daemon [_thread_in_native, id=12172, stack(0x000000001ff10000,0x0000000020010000)]
  0x000000001d17a000 JavaThread "dispatcher-event-loop-3" daemon [_thread_blocked, id=7420, stack(0x000000001fc10000,0x000000001fd10000)]
  0x000000001d179000 JavaThread "dispatcher-event-loop-2" daemon [_thread_blocked, id=5252, stack(0x000000001fb10000,0x000000001fc10000)]
  0x000000001d178800 JavaThread "dispatcher-event-loop-1" daemon [_thread_blocked, id=16932, stack(0x000000001fa10000,0x000000001fb10000)]
  0x000000001d177800 JavaThread "dispatcher-event-loop-0" daemon [_thread_blocked, id=10304, stack(0x000000001f910000,0x000000001fa10000)]
  0x000000001ca41000 JavaThread "Service Thread" daemon [_thread_blocked, id=12072, stack(0x000000001dd20000,0x000000001de20000)]
  0x000000001ca40800 JavaThread "C1 CompilerThread2" daemon [_thread_blocked, id=15380, stack(0x000000001dc20000,0x000000001dd20000)]
  0x000000001ca22000 JavaThread "C2 CompilerThread1" daemon [_thread_blocked, id=13316, stack(0x000000001db20000,0x000000001dc20000)]
=>0x000000001c996800 JavaThread "C2 CompilerThread0" daemon [_thread_in_native, id=7144, stack(0x000000001da20000,0x000000001db20000)]
  0x000000001c947000 JavaThread "Monitor Ctrl-Break" daemon [_thread_in_native, id=14136, stack(0x000000001d920000,0x000000001da20000)]
  0x000000001a7cc800 JavaThread "Attach Listener" daemon [_thread_blocked, id=14476, stack(0x000000001c050000,0x000000001c150000)]
  0x000000001a7b9800 JavaThread "Signal Dispatcher" daemon [_thread_blocked, id=12032, stack(0x000000001bf50000,0x000000001c050000)]
  0x000000001a792000 JavaThread "Finalizer" daemon [_thread_blocked, id=848, stack(0x000000001b9f0000,0x000000001baf0000)]
  0x000000001a769800 JavaThread "Reference Handler" daemon [_thread_blocked, id=9504, stack(0x000000001b8f0000,0x000000001b9f0000)]
  0x0000000003515000 JavaThread "main" [_thread_in_vm, id=7076, stack(0x00000000033c0000,0x00000000034c0000)]

Other Threads:
  0x000000001a767800 VMThread [stack: 0x000000001b7f0000,0x000000001b8f0000] [id=7856]
  0x000000001ca42800 WatcherThread [stack: 0x000000001de20000,0x000000001df20000] [id=11116]

VM state:not at safepoint (normal execution)

VM Mutex/Monitor currently owned by a thread: None

Heap:
 PSYoungGen      total 248832K, used 19145K [0x0000000780900000, 0x0000000791080000, 0x00000007c0000000)
  eden space 243200K, 7% used [0x0000000780900000,0x0000000781bb26d0,0x000000078f680000)
  from space 5632K, 0% used [0x0000000790b00000,0x0000000790b00000,0x0000000791080000)
  to   space 12288K, 0% used [0x000000078f880000,0x000000078f880000,0x0000000790480000)
 ParOldGen       total 167424K, used 22522K [0x0000000701a00000, 0x000000070bd80000, 0x0000000780900000)
  object space 167424K, 13% used [0x0000000701a00000,0x0000000702ffe8e8,0x000000070bd80000)
 Metaspace       used 65623K, capacity 66012K, committed 66580K, reserved 1112064K
  class space    used 8565K, capacity 8686K, committed 8764K, reserved 1048576K

Card table byte_map: [0x0000000012ad0000,0x00000000130d0000] byte_map_base: 0x000000000f2c3000

Marking Bits: (ParMarkBitMap*) 0x0000000053c3a6c0
 Begin Bits: [0x00000000138d0000, 0x0000000016868000)
 End Bits:   [0x0000000016868000, 0x0000000019800000)

Polling page: 0x0000000000fc0000

CodeCache: size=245760Kb used=13928Kb max_used=14576Kb free=231831Kb
 bounds [0x0000000003710000, 0x0000000004570000, 0x0000000012710000]
 total_blobs=4555 nmethods=3953 adapters=514
 compilation: enabled

Compilation events (10 events):
Event: 17.523 Thread 0x000000001ca40800 4721       1       org.apache.spark.sql.types.StringType$::hashCode (3 bytes)
Event: 17.523 Thread 0x000000001ca40800 nmethod 4721 0x000000000455ad10 code [0x000000000455ae60, 0x000000000455af70]
Event: 17.523 Thread 0x000000001ca40800 4722       3       org.apache.spark.sql.catalyst.plans.QueryPlan$$anonfun$org$apache$spark$sql$catalyst$plans$QueryPlan$$recursiveTransform$1$1::apply (17 bytes)
Event: 17.524 Thread 0x000000001ca40800 nmethod 4722 0x000000000455afd0 code [0x000000000455b140, 0x000000000455b368]
Event: 17.533 Thread 0x000000001ca40800 4723       3       org.apache.spark.sql.catalyst.expressions.AttributeSet::<init> (34 bytes)
Event: 17.533 Thread 0x000000001ca40800 nmethod 4723 0x000000000455b450 code [0x000000000455b5e0, 0x000000000455b9d0]
Event: 17.533 Thread 0x000000001ca40800 4724       3       scala.collection.SetLike$class::map (9 bytes)
Event: 17.533 Thread 0x000000001ca40800 nmethod 4724 0x000000000455bb90 code [0x000000000455bd00, 0x000000000455bf08]
Event: 17.533 Thread 0x000000001ca40800 4725       3       scala.collection.generic.GenSetFactory$$anon$1::apply (9 bytes)
Event: 17.533 Thread 0x000000001ca40800 nmethod 4725 0x000000000455bfd0 code [0x000000000455c140, 0x000000000455c548]

GC Heap History (10 events):
Event: 12.431 GC heap before
{Heap before GC invocations=12 (full 2):
 PSYoungGen      total 137216K, used 134736K [0x0000000780900000, 0x000000078b480000, 0x00000007c0000000)
  eden space 126976K, 100% used [0x0000000780900000,0x0000000788500000,0x0000000788500000)
  from space 10240K, 75% used [0x0000000788500000,0x0000000788c941f0,0x0000000788f00000)
  to   space 10240K, 0% used [0x000000078aa80000,0x000000078aa80000,0x000000078b480000)
 ParOldGen       total 118784K, used 11007K [0x0000000701a00000, 0x0000000708e00000, 0x0000000780900000)
  object space 118784K, 9% used [0x0000000701a00000,0x00000007024bfcc8,0x0000000708e00000)
 Metaspace       used 48535K, capacity 48816K, committed 49112K, reserved 1091584K
  class space    used 6285K, capacity 6364K, committed 6400K, reserved 1048576K
Event: 12.441 GC heap after
Heap after GC invocations=12 (full 2):
 PSYoungGen      total 164864K, used 9778K [0x0000000780900000, 0x000000078bd00000, 0x00000007c0000000)
  eden space 154624K, 0% used [0x0000000780900000,0x0000000780900000,0x000000078a000000)
  from space 10240K, 95% used [0x000000078aa80000,0x000000078b40cb58,0x000000078b480000)
  to   space 10752K, 0% used [0x000000078a000000,0x000000078a000000,0x000000078aa80000)
 ParOldGen       total 118784K, used 11015K [0x0000000701a00000, 0x0000000708e00000, 0x0000000780900000)
  object space 118784K, 9% used [0x0000000701a00000,0x00000007024c1cc8,0x0000000708e00000)
 Metaspace       used 48535K, capacity 48816K, committed 49112K, reserved 1091584K
  class space    used 6285K, capacity 6364K, committed 6400K, reserved 1048576K
}
Event: 13.170 GC heap before
{Heap before GC invocations=13 (full 2):
 PSYoungGen      total 164864K, used 164402K [0x0000000780900000, 0x000000078bd00000, 0x00000007c0000000)
  eden space 154624K, 100% used [0x0000000780900000,0x000000078a000000,0x000000078a000000)
  from space 10240K, 95% used [0x000000078aa80000,0x000000078b40cb58,0x000000078b480000)
  to   space 10752K, 0% used [0x000000078a000000,0x000000078a000000,0x000000078aa80000)
 ParOldGen       total 118784K, used 11015K [0x0000000701a00000, 0x0000000708e00000, 0x0000000780900000)
  object space 118784K, 9% used [0x0000000701a00000,0x00000007024c1cc8,0x0000000708e00000)
 Metaspace       used 49017K, capacity 49296K, committed 49624K, reserved 1093632K
  class space    used 6308K, capacity 6396K, committed 6400K, reserved 1048576K
Event: 13.175 GC heap after
Heap after GC invocations=13 (full 2):
 PSYoungGen      total 165376K, used 6375K [0x0000000780900000, 0x000000078de00000, 0x00000007c0000000)
  eden space 154624K, 0% used [0x0000000780900000,0x0000000780900000,0x000000078a000000)
  from space 10752K, 59% used [0x000000078a000000,0x000000078a639fb8,0x000000078aa80000)
  to   space 10752K, 0% used [0x000000078d380000,0x000000078d380000,0x000000078de00000)
 ParOldGen       total 118784K, used 11023K [0x0000000701a00000, 0x0000000708e00000, 0x0000000780900000)
  object space 118784K, 9% used [0x0000000701a00000,0x00000007024c3cc8,0x0000000708e00000)
 Metaspace       used 49017K, capacity 49296K, committed 49624K, reserved 1093632K
  class space    used 6308K, capacity 6396K, committed 6400K, reserved 1048576K
}
Event: 15.482 GC heap before
{Heap before GC invocations=14 (full 2):
 PSYoungGen      total 165376K, used 160999K [0x0000000780900000, 0x000000078de00000, 0x00000007c0000000)
  eden space 154624K, 100% used [0x0000000780900000,0x000000078a000000,0x000000078a000000)
  from space 10752K, 59% used [0x000000078a000000,0x000000078a639fb8,0x000000078aa80000)
  to   space 10752K, 0% used [0x000000078d380000,0x000000078d380000,0x000000078de00000)
 ParOldGen       total 118784K, used 11023K [0x0000000701a00000, 0x0000000708e00000, 0x0000000780900000)
  object space 118784K, 9% used [0x0000000701a00000,0x00000007024c3cc8,0x0000000708e00000)
 Metaspace       used 54817K, capacity 55154K, committed 55512K, reserved 1097728K
  class space    used 6976K, capacity 7079K, committed 7168K, reserved 1048576K
Event: 15.508 GC heap after
Heap after GC invocations=14 (full 2):
 PSYoungGen      total 205824K, used 10742K [0x0000000780900000, 0x000000078e200000, 0x00000007c0000000)
  eden space 195072K, 0% used [0x0000000780900000,0x0000000780900000,0x000000078c780000)
  from space 10752K, 99% used [0x000000078d380000,0x000000078ddfdae8,0x000000078de00000)
  to   space 12288K, 0% used [0x000000078c780000,0x000000078c780000,0x000000078d380000)
 ParOldGen       total 118784K, used 12033K [0x0000000701a00000, 0x0000000708e00000, 0x0000000780900000)
  object space 118784K, 10% used [0x0000000701a00000,0x00000007025c06f8,0x0000000708e00000)
 Metaspace       used 54817K, capacity 55154K, committed 55512K, reserved 1097728K
  class space    used 6976K, capacity 7079K, committed 7168K, reserved 1048576K
}
Event: 16.769 GC heap before
{Heap before GC invocations=15 (full 2):
 PSYoungGen      total 205824K, used 76191K [0x0000000780900000, 0x000000078e200000, 0x00000007c0000000)
  eden space 195072K, 33% used [0x0000000780900000,0x00000007848ea500,0x000000078c780000)
  from space 10752K, 99% used [0x000000078d380000,0x000000078ddfdae8,0x000000078de00000)
  to   space 12288K, 0% used [0x000000078c780000,0x000000078c780000,0x000000078d380000)
 ParOldGen       total 118784K, used 12033K [0x0000000701a00000, 0x0000000708e00000, 0x0000000780900000)
  object space 118784K, 10% used [0x0000000701a00000,0x00000007025c06f8,0x0000000708e00000)
 Metaspace       used 58348K, capacity 58684K, committed 59028K, reserved 1101824K
  class space    used 7459K, capacity 7566K, committed 7612K, reserved 1048576K
Event: 16.787 GC heap after
Heap after GC invocations=15 (full 2):
 PSYoungGen      total 207360K, used 8496K [0x0000000780900000, 0x0000000791700000, 0x00000007c0000000)
  eden space 195072K, 0% used [0x0000000780900000,0x0000000780900000,0x000000078c780000)
  from space 12288K, 69% used [0x000000078c780000,0x000000078cfcc098,0x000000078d380000)
  to   space 12288K, 0% used [0x0000000790b00000,0x0000000790b00000,0x0000000791700000)
 ParOldGen       total 118784K, used 15371K [0x0000000701a00000, 0x0000000708e00000, 0x0000000780900000)
  object space 118784K, 12% used [0x0000000701a00000,0x0000000702902c58,0x0000000708e00000)
 Metaspace       used 58348K, capacity 58684K, committed 59028K, reserved 1101824K
  class space    used 7459K, capacity 7566K, committed 7612K, reserved 1048576K
}
Event: 16.787 GC heap before
{Heap before GC invocations=16 (full 3):
 PSYoungGen      total 207360K, used 8496K [0x0000000780900000, 0x0000000791700000, 0x00000007c0000000)
  eden space 195072K, 0% used [0x0000000780900000,0x0000000780900000,0x000000078c780000)
  from space 12288K, 69% used [0x000000078c780000,0x000000078cfcc098,0x000000078d380000)
  to   space 12288K, 0% used [0x0000000790b00000,0x0000000790b00000,0x0000000791700000)
 ParOldGen       total 118784K, used 15371K [0x0000000701a00000, 0x0000000708e00000, 0x0000000780900000)
  object space 118784K, 12% used [0x0000000701a00000,0x0000000702902c58,0x0000000708e00000)
 Metaspace       used 58348K, capacity 58684K, committed 59028K, reserved 1101824K
  class space    used 7459K, capacity 7566K, committed 7612K, reserved 1048576K
Event: 16.953 GC heap after
Heap after GC invocations=16 (full 3):
 PSYoungGen      total 207360K, used 0K [0x0000000780900000, 0x0000000791700000, 0x00000007c0000000)
  eden space 195072K, 0% used [0x0000000780900000,0x0000000780900000,0x000000078c780000)
  from space 12288K, 0% used [0x000000078c780000,0x000000078c780000,0x000000078d380000)
  to   space 12288K, 0% used [0x0000000790b00000,0x0000000790b00000,0x0000000791700000)
 ParOldGen       total 167424K, used 20728K [0x0000000701a00000, 0x000000070bd80000, 0x0000000780900000)
  object space 167424K, 12% used [0x0000000701a00000,0x0000000702e3e020,0x000000070bd80000)
 Metaspace       used 58348K, capacity 58684K, committed 59028K, reserved 1101824K
  class space    used 7459K, capacity 7566K, committed 7612K, reserved 1048576K
}

Deoptimization events (10 events):
Event: 17.050 Thread 0x0000000003515000 Uncommon trap: reason=class_check action=maybe_recompile pc=0x00000000038f73c8 method=scala.collection.IndexedSeqLike$Elements.next()Ljava/lang/Object; @ 37
Event: 17.050 Thread 0x0000000003515000 Uncommon trap: reason=class_check action=maybe_recompile pc=0x00000000038f73c8 method=scala.collection.IndexedSeqLike$Elements.next()Ljava/lang/Object; @ 37
Event: 17.050 Thread 0x0000000003515000 Uncommon trap: reason=class_check action=maybe_recompile pc=0x00000000038f73c8 method=scala.collection.IndexedSeqLike$Elements.next()Ljava/lang/Object; @ 37
Event: 17.050 Thread 0x0000000003515000 Uncommon trap: reason=class_check action=maybe_recompile pc=0x00000000038f73c8 method=scala.collection.IndexedSeqLike$Elements.next()Ljava/lang/Object; @ 37
Event: 17.312 Thread 0x0000000003515000 Uncommon trap: reason=bimorphic action=maybe_recompile pc=0x0000000003ddca94 method=scala.collection.IndexedSeqLike$Elements.next()Ljava/lang/Object; @ 37
Event: 17.314 Thread 0x0000000003515000 Uncommon trap: reason=bimorphic action=maybe_recompile pc=0x0000000003ddca94 method=scala.collection.IndexedSeqLike$Elements.next()Ljava/lang/Object; @ 37
Event: 17.319 Thread 0x0000000003515000 Uncommon trap: reason=bimorphic action=maybe_recompile pc=0x0000000003ddca94 method=scala.collection.IndexedSeqLike$Elements.next()Ljava/lang/Object; @ 37
Event: 17.320 Thread 0x0000000003515000 Uncommon trap: reason=bimorphic action=maybe_recompile pc=0x0000000003ddca94 method=scala.collection.IndexedSeqLike$Elements.next()Ljava/lang/Object; @ 37
Event: 17.342 Thread 0x0000000003515000 Uncommon trap: reason=unstable_if action=reinterpret pc=0x0000000003828118 method=java.util.jar.Attributes$Name.isDigit(C)Z @ 3
Event: 17.420 Thread 0x0000000003515000 Uncommon trap: reason=class_check action=maybe_recompile pc=0x00000000040c7e9c method=java.lang.AbstractStringBuilder.append(Ljava/lang/AbstractStringBuilder;)Ljava/lang/AbstractStringBuilder; @ 10

Internal exceptions (10 events):
Event: 9.497 Thread 0x0000000003515000 Exception <a 'java/lang/ClassNotFoundException': org/apache/hadoop/hive/ql/exec/TaskCustomizer> (0x0000000781d9b320) thrown at [C:\re\workspace\8-2-build-windows-amd64-cygwin\jdk8u102\7268\hotspot\src\share\vm\classfile\systemDictionary.cpp, line 210]
Event: 9.986 Thread 0x0000000003515000 Implicit null exception at 0x0000000003b609ef to 0x0000000003b60f51
Event: 10.038 Thread 0x0000000003515000 Implicit null exception at 0x0000000003fa8007 to 0x0000000003fa81d1
Event: 10.038 Thread 0x0000000003515000 Implicit null exception at 0x0000000003fa2b47 to 0x0000000003fa2d11
Event: 14.385 Thread 0x0000000003515000 Exception <a 'java/lang/reflect/InvocationTargetException'> (0x00000007857e8980) thrown at [C:\re\workspace\8-2-build-windows-amd64-cygwin\jdk8u102\7268\hotspot\src\share\vm\runtime\reflection.cpp, line 1092]
Event: 14.396 Thread 0x0000000003515000 Exception <a 'java/lang/reflect/InvocationTargetException'> (0x000000078584fb68) thrown at [C:\re\workspace\8-2-build-windows-amd64-cygwin\jdk8u102\7268\hotspot\src\share\vm\runtime\reflection.cpp, line 1092]
Event: 14.498 Thread 0x0000000003515000 Exception <a 'java/lang/reflect/InvocationTargetException'> (0x0000000785cc95f8) thrown at [C:\re\workspace\8-2-build-windows-amd64-cygwin\jdk8u102\7268\hotspot\src\share\vm\runtime\reflection.cpp, line 1092]
Event: 15.246 Thread 0x0000000003515000 Exception <a 'java/lang/reflect/InvocationTargetException'> (0x0000000788503968) thrown at [C:\re\workspace\8-2-build-windows-amd64-cygwin\jdk8u102\7268\hotspot\src\share\vm\runtime\reflection.cpp, line 1092]
Event: 15.246 Thread 0x0000000003515000 Exception <a 'java/lang/reflect/InvocationTargetException'> (0x0000000788503d98) thrown at [C:\re\workspace\8-2-build-windows-amd64-cygwin\jdk8u102\7268\hotspot\src\share\vm\runtime\reflection.cpp, line 1092]
Event: 15.246 Thread 0x0000000003515000 Exception <a 'java/lang/reflect/InvocationTargetException'> (0x0000000788504190) thrown at [C:\re\workspace\8-2-build-windows-amd64-cygwin\jdk8u102\7268\hotspot\src\share\vm\runtime\reflection.cpp, line 1092]

Events (10 events):
Event: 17.681 loading class scala/reflect/api/Trees$TryExtractor
Event: 17.681 loading class scala/reflect/api/Trees$TryExtractor done
Event: 17.681 loading class scala/reflect/internal/Trees$Try$
Event: 17.681 loading class scala/reflect/internal/Trees$Try$ done
Event: 17.682 loading class scala/reflect/api/Internals$ReferenceToBoxedExtractor
Event: 17.682 loading class scala/reflect/api/Internals$ReferenceToBoxedExtractor done
Event: 17.682 loading class scala/reflect/internal/Trees$ReferenceToBoxed$
Event: 17.682 loading class scala/reflect/internal/Trees$ReferenceToBoxed$ done
Event: 17.682 loading class scala/reflect/api/Trees$ApplyExtractor
Event: 17.682 loading class scala/reflect/api/Trees$ApplyExtractor done


Dynamic libraries:
0x00007ff770e70000 - 0x00007ff770ea7000 	E:\Program Files\Java\jdk1.8.0_102\bin\java.exe
0x00007ff9d19e0000 - 0x00007ff9d1bbb000 	C:\Windows\SYSTEM32\ntdll.dll
0x00007ff9d0b40000 - 0x00007ff9d0bee000 	C:\Windows\System32\KERNEL32.DLL
0x00007ff9ce0c0000 - 0x00007ff9ce309000 	C:\Windows\System32\KERNELBASE.dll
0x00007ff9d1930000 - 0x00007ff9d19d1000 	C:\Windows\System32\ADVAPI32.dll
0x00007ff9d03c0000 - 0x00007ff9d045d000 	C:\Windows\System32\msvcrt.dll
0x00007ff9d0460000 - 0x00007ff9d04b9000 	C:\Windows\System32\sechost.dll
0x00007ff9d0fa0000 - 0x00007ff9d10c5000 	C:\Windows\System32\RPCRT4.dll
0x00007ff9d09f0000 - 0x00007ff9d0b3a000 	C:\Windows\System32\USER32.dll
0x00007ff9ce0a0000 - 0x00007ff9ce0be000 	C:\Windows\System32\win32u.dll
0x00007ff9cef40000 - 0x00007ff9cef67000 	C:\Windows\System32\GDI32.dll
0x00007ff9cedb0000 - 0x00007ff9cef39000 	C:\Windows\System32\gdi32full.dll
0x00007ff9cdf00000 - 0x00007ff9cdf9a000 	C:\Windows\System32\msvcp_win.dll
0x00007ff9ce5b0000 - 0x00007ff9ce6a6000 	C:\Windows\System32\ucrtbase.dll
0x00007ff9bf970000 - 0x00007ff9bfbd7000 	C:\Windows\WinSxS\amd64_microsoft.windows.common-controls_6595b64144ccf1df_6.0.15063.0_none_108e4f62dfe5d999\COMCTL32.dll
0x00007ff9d11e0000 - 0x00007ff9d14d9000 	C:\Windows\System32\combase.dll
0x00007ff9ce540000 - 0x00007ff9ce5aa000 	C:\Windows\System32\bcryptPrimitives.dll
0x00007ff9d09c0000 - 0x00007ff9d09ed000 	C:\Windows\System32\IMM32.DLL
0x0000000053cc0000 - 0x0000000053d91000 	E:\Program Files\Java\jdk1.8.0_102\jre\bin\msvcr100.dll
0x0000000053420000 - 0x0000000053cba000 	E:\Program Files\Java\jdk1.8.0_102\jre\bin\server\jvm.dll
0x00007ff9d14e0000 - 0x00007ff9d14e8000 	C:\Windows\System32\PSAPI.DLL
0x00007ff9cb7d0000 - 0x00007ff9cb7d9000 	C:\Windows\SYSTEM32\WSOCK32.dll
0x00007ff9d0620000 - 0x00007ff9d068c000 	C:\Windows\System32\WS2_32.dll
0x00007ff9c6970000 - 0x00007ff9c6993000 	C:\Windows\SYSTEM32\WINMM.dll
0x00007ff9c6020000 - 0x00007ff9c602a000 	C:\Windows\SYSTEM32\VERSION.dll
0x00007ff9c6910000 - 0x00007ff9c693b000 	C:\Windows\SYSTEM32\WINMMBASE.dll
0x00007ff9ce050000 - 0x00007ff9ce099000 	C:\Windows\System32\cfgmgr32.dll
0x0000000054e80000 - 0x0000000054e8f000 	E:\Program Files\Java\jdk1.8.0_102\jre\bin\verify.dll
0x0000000054e50000 - 0x0000000054e79000 	E:\Program Files\Java\jdk1.8.0_102\jre\bin\java.dll
0x00000000533f0000 - 0x0000000053413000 	E:\Program Files\Java\jdk1.8.0_102\jre\bin\instrument.dll
0x0000000054de0000 - 0x0000000054df6000 	E:\Program Files\Java\jdk1.8.0_102\jre\bin\zip.dll
0x00007ff9cef70000 - 0x00007ff9d03a7000 	C:\Windows\System32\SHELL32.dll
0x00007ff9d1130000 - 0x00007ff9d11da000 	C:\Windows\System32\shcore.dll
0x00007ff9ce6b0000 - 0x00007ff9ceda2000 	C:\Windows\System32\windows.storage.dll
0x00007ff9d10d0000 - 0x00007ff9d1121000 	C:\Windows\System32\shlwapi.dll
0x00007ff9cde70000 - 0x00007ff9cde81000 	C:\Windows\System32\kernel.appcore.dll
0x00007ff9cdeb0000 - 0x00007ff9cdefc000 	C:\Windows\System32\powrprof.dll
0x00007ff9cde90000 - 0x00007ff9cdea5000 	C:\Windows\System32\profapi.dll
0x00007ff9b5e20000 - 0x00007ff9b5e3a000 	D:\JetBrains\IntelliJ IDEA 2018.2.4\bin\breakgen64.dll
0x0000000054dc0000 - 0x0000000054dda000 	E:\Program Files\Java\jdk1.8.0_102\jre\bin\net.dll
0x00007ff9cd760000 - 0x00007ff9cd7bc000 	C:\Windows\system32\mswsock.dll
0x00007ff9bef60000 - 0x00007ff9bef76000 	C:\Windows\system32\napinsp.dll
0x00007ff9be950000 - 0x00007ff9be96a000 	C:\Windows\system32\pnrpnsp.dll
0x00007ff9cb250000 - 0x00007ff9cb268000 	C:\Windows\system32\NLAapi.dll
0x00007ff9cd540000 - 0x00007ff9cd5e4000 	C:\Windows\SYSTEM32\DNSAPI.dll
0x00007ff9d0610000 - 0x00007ff9d0618000 	C:\Windows\System32\NSI.dll
0x00007ff9cd500000 - 0x00007ff9cd537000 	C:\Windows\SYSTEM32\IPHLPAPI.DLL
0x00007ff9c1c20000 - 0x00007ff9c1c2e000 	C:\Windows\System32\winrnr.dll
0x00007ff9c7fb0000 - 0x00007ff9c7fc5000 	C:\Windows\System32\wshbth.dll
0x00007ff9c6a50000 - 0x00007ff9c6a5a000 	C:\Windows\System32\rasadhlp.dll
0x00007ff9c6a60000 - 0x00007ff9c6acb000 	C:\Windows\System32\fwpuclnt.dll
0x00007ff9cda10000 - 0x00007ff9cda35000 	C:\Windows\SYSTEM32\bcrypt.dll
0x00007ff9cd910000 - 0x00007ff9cd927000 	C:\Windows\SYSTEM32\CRYPTSP.dll
0x00007ff9cd380000 - 0x00007ff9cd3b4000 	C:\Windows\system32\rsaenh.dll
0x00007ff9cdd50000 - 0x00007ff9cdd79000 	C:\Windows\SYSTEM32\USERENV.dll
0x00007ff9cd900000 - 0x00007ff9cd90b000 	C:\Windows\SYSTEM32\CRYPTBASE.dll
0x00007ff9c9ce0000 - 0x00007ff9c9cf6000 	C:\Windows\SYSTEM32\dhcpcsvc6.DLL
0x00007ff9c9930000 - 0x00007ff9c994a000 	C:\Windows\SYSTEM32\dhcpcsvc.DLL
0x0000000054da0000 - 0x0000000054db1000 	E:\Program Files\Java\jdk1.8.0_102\jre\bin\nio.dll
0x0000000054e40000 - 0x0000000054e4d000 	E:\Program Files\Java\jdk1.8.0_102\jre\bin\management.dll
0x0000000054c00000 - 0x0000000054c09000 	E:\Program Files\Java\jdk1.8.0_102\jre\bin\w2k_lsa_auth.dll
0x00007ff9be290000 - 0x00007ff9be29c000 	C:\Windows\SYSTEM32\Secur32.dll
0x00007ff9cdd80000 - 0x00007ff9cddb0000 	C:\Windows\SYSTEM32\SSPICLI.DLL
0x00007ff9b3df0000 - 0x00007ff9b3e0d000 	F:\hadoop-2.7.1\bin\hadoop.dll
0x00007ff9c7be0000 - 0x00007ff9c7bf7000 	C:\Windows\SYSTEM32\NETAPI32.dll
0x00007ff9cd010000 - 0x00007ff9cd058000 	C:\Windows\SYSTEM32\AUTHZ.dll
0x00007ff9cd5f0000 - 0x00007ff9cd5fd000 	C:\Windows\SYSTEM32\NETUTILS.DLL
0x00007ff9c4d30000 - 0x00007ff9c4d48000 	C:\Windows\SYSTEM32\SAMCLI.DLL
0x0000000054bf0000 - 0x0000000054bf9000 	E:\Program Files\Java\jdk1.8.0_102\jre\bin\jaas_nt.dll
0x00007ff9c63e0000 - 0x00007ff9c6403000 	C:\Windows\SYSTEM32\SAMLIB.dll

VM Arguments:
jvm_args: -javaagent:D:\JetBrains\IntelliJ IDEA 2018.2.4\lib\idea_rt.jar=11069:D:\JetBrains\IntelliJ IDEA 2018.2.4\bin -Dfile.encoding=UTF-8 
java_command: test
java_class_path (initial): E:\Program Files\Java\jdk1.8.0_102\jre\lib\charsets.jar;E:\Program Files\Java\jdk1.8.0_102\jre\lib\deploy.jar;E:\Program Files\Java\jdk1.8.0_102\jre\lib\ext\access-bridge-64.jar;E:\Program Files\Java\jdk1.8.0_102\jre\lib\ext\cldrdata.jar;E:\Program Files\Java\jdk1.8.0_102\jre\lib\ext\dnsns.jar;E:\Program Files\Java\jdk1.8.0_102\jre\lib\ext\jaccess.jar;E:\Program Files\Java\jdk1.8.0_102\jre\lib\ext\jfxrt.jar;E:\Program Files\Java\jdk1.8.0_102\jre\lib\ext\localedata.jar;E:\Program Files\Java\jdk1.8.0_102\jre\lib\ext\nashorn.jar;E:\Program Files\Java\jdk1.8.0_102\jre\lib\ext\sunec.jar;E:\Program Files\Java\jdk1.8.0_102\jre\lib\ext\sunjce_provider.jar;E:\Program Files\Java\jdk1.8.0_102\jre\lib\ext\sunmscapi.jar;E:\Program Files\Java\jdk1.8.0_102\jre\lib\ext\sunpkcs11.jar;E:\Program Files\Java\jdk1.8.0_102\jre\lib\ext\zipfs.jar;E:\Program Files\Java\jdk1.8.0_102\jre\lib\javaws.jar;E:\Program Files\Java\jdk1.8.0_102\jre\lib\jce.jar;E:\Program Files\Java\jdk1.8.0_102\jre\lib\jfr.jar;E:\Program Files\Java\jdk1.8.0_102\jre\lib\jfxswt.jar;E:\Program Files\Java\jdk1.8.0_102\jre\lib\jsse.jar;E:\Program Files\Java\jdk1.8.0_102\jre\lib\management-agent.jar;E:\Program Files\Java\jdk1.8.0_102\jre\lib\plugin.jar;E:\Program Files\Java\jdk1.8.0_102\jre\lib\resources.jar;E:\Program Files\Java\jdk1.8.0_102\jre\lib\rt.jar;F:\3.Spark\ÏîÄ¿ÊÓÆµ\gp1923W2\target\classes;C:\Users\admin\.m2\repository\org\slf4j\slf4j-api\1.7.22\slf4j-api-1.7.22.jar;C:\Users\admin\.m2\repository\log4j\log4j\1.2.16\log4j-1.2.16.jar;C:\Users\admin\.m2\repository\org\slf4j\jcl-over-slf4j\1.7.22\jcl-over-slf4j-1.7.22.jar;C:\Users\admin\.m2\repository\ch\qos\logback\logback-classic\1.1.8\logback-classic-1.1.8.jar;C:\Users\admin\.m2\repository\ch\qos\logback\logback-core\1.1.8\logback-core-1.1.8.jar;C:\Users\admin\.m2\repository\ch\qos\logback\logback-access\1.1.8\logback-access-1.1.8.jar;C:\Users\admin\.m2\repository\com\google\guava\guava\21.0\guava-21.0.jar;C:\Users\admin\.m2\repository
Launcher Type: SUN_STANDARD

Environment Variables:
JAVA_HOME=E:\Program Files\Java\jdk1.8.0_102
PATH=C:\Program Files (x86)\NetSarang\Xshell 6\;C:\Program Files (x86)\NetSarang\Xftp 6\;C:\Program Files (x86)\Common Files\NetSarang;C:\Windows\system32;C:\Windows;C:\Windows\System32\Wbem;C:\Windows\System32\WindowsPowerShell\v1.0\;E:\Program Files\Java\jdk1.8.0_102\bin;E:\Program Files\Java\jdk1.8.0_102\jre;F:\apache-maven-3.3.9\bin;F:\scala-2.11.8\bin;F:\hadoop-2.7.1\bin;C:\Program Files\Git\cmd;C:\Program Files\Redis\;C:\Users\admin\AppData\Local\Microsoft\WindowsApps;C:\Program Files\Bandizip\
USERNAME=admin
OS=Windows_NT
PROCESSOR_IDENTIFIER=Intel64 Family 6 Model 60 Stepping 3, GenuineIntel



---------------  S Y S T E M  ---------------

OS: Windows 10.0 , 64 bit Build 15063 (10.0.15063.0)

CPU:total 4 (2 cores per cpu, 2 threads per core) family 6 model 60 stepping 3, cmov, cx8, fxsr, mmx, sse, sse2, sse3, ssse3, sse4.1, sse4.2, popcnt, avx, avx2, aes, clmul, erms, lzcnt, ht, tsc, tscinvbit, bmi1, bmi2

Memory: 4k page, physical 12469144k(3297728k free), swap 14945176k(5212k free)

vm_info: Java HotSpot(TM) 64-Bit Server VM (25.102-b14) for windows-amd64 JRE (1.8.0_102-b14), built on Jun 22 2016 13:15:21 by "java_re" with MS VC++ 10.0 (VS2010)

time: Tue Sep 24 17:19:10 2019
elapsed time: 18 seconds (0d 0h 0m 18s)

